<?xml version="1.0" encoding="UTF-8"?>
<!-- Generated by org.testng.reporters.JUnitReportReporter -->
<testsuite hostname="ACER-PC" failures="0" tests="3" name="com.cps.test.DropDownPageTest" time="40.080" errors="0" timestamp="10 Apr 2018 17:43:12 GMT" skipped="0">
  <testcase classname="com.cps.test.DropDownPageTest" name="verifyDropDownBtn" time="11.094"/>
  <testcase classname="com.cps.test.DropDownPageTest" name="subBranchLoginTest" time="16.319"/>
  <testcase classname="com.cps.test.DropDownPageTest" name="headBranchLoginTest" time="12.667"/>
</testsuite> <!-- com.cps.test.DropDownPageTest -->
