<?xml version="1.0" encoding="UTF-8"?>
<!-- Generated by org.testng.reporters.JUnitReportReporter -->
<testsuite hostname="ACER-PC" failures="0" tests="1" name="com.cps.sprint.VerifyHeadBranch" time="8.523" errors="0" timestamp="06 Apr 2018 05:15:42 GMT" skipped="0">
  <testcase classname="com.cps.sprint.VerifyHeadBranch" name="verifyHeadBranchTest" time="8.523"/>
</testsuite> <!-- com.cps.sprint.VerifyHeadBranch -->
