<?xml version="1.0" encoding="UTF-8"?>
<!-- Generated by org.testng.reporters.JUnitReportReporter -->
<testsuite hostname="ACER-PC" failures="0" tests="1" name="com.cps.sprint.VerifySubBranch" time="8.898" errors="0" timestamp="06 Apr 2018 05:15:42 GMT" skipped="0">
  <testcase classname="com.cps.sprint.VerifySubBranch" name="verifySubBranchTest" time="8.898"/>
</testsuite> <!-- com.cps.sprint.VerifySubBranch -->
