<?xml version="1.0" encoding="UTF-8"?>
<!-- Generated by org.testng.reporters.JUnitReportReporter -->
<testsuite hostname="ACER-PC" failures="0" tests="1" name="com.cps.test.IMFSTransferPageTest" time="18.073" errors="0" timestamp="10 Apr 2018 18:59:37 GMT" skipped="0">
  <testcase classname="com.cps.test.IMFSTransferPageTest" name="verifyIMFSTransaction" time="18.073"/>
</testsuite> <!-- com.cps.test.IMFSTransferPageTest -->
