<?xml version="1.0" encoding="UTF-8"?>
<!-- Generated by org.testng.reporters.JUnitReportReporter -->
<testsuite hostname="ACER-PC" failures="0" tests="1" name="com.cps.sprint.Transfer" time="81.667" errors="0" timestamp="09 Apr 2018 05:46:24 GMT" skipped="0">
  <testcase classname="com.cps.sprint.Transfer" name="verifyCustomerLogIn" time="81.667"/>
</testsuite> <!-- com.cps.sprint.Transfer -->
