<?xml version="1.0" encoding="UTF-8"?>
<!-- Generated by org.testng.reporters.JUnitReportReporter -->
<testsuite hostname="ACER-PC" failures="0" tests="1" name="com.cps.sprint.VerifyURL" time="8.136" errors="0" timestamp="06 Apr 2018 05:15:42 GMT" skipped="0">
  <testcase classname="com.cps.sprint.VerifyURL" name="verifyUrlTest" time="8.136"/>
</testsuite> <!-- com.cps.sprint.VerifyURL -->
