<?xml version="1.0" encoding="UTF-8"?>
<!-- Generated by org.testng.reporters.JUnitReportReporter -->
<testsuite hostname="ACER-PC" failures="0" tests="1" name="com.cps.sprint.QuickTransfer" time="21.875" errors="0" timestamp="09 Apr 2018 06:08:10 GMT" skipped="0">
  <testcase classname="com.cps.sprint.QuickTransfer" name="verifyQuickTransferlink" time="21.875"/>
</testsuite> <!-- com.cps.sprint.QuickTransfer -->
