<?xml version="1.0" encoding="UTF-8"?>
<!-- Generated by org.testng.reporters.JUnitReportReporter -->
<testsuite hostname="ACER-PC" failures="0" tests="1" name="com.cps.sprint.VerifyAuthorityDropdown" time="13.768" errors="0" timestamp="06 Apr 2018 05:15:42 GMT" skipped="0">
  <testcase classname="com.cps.sprint.VerifyAuthorityDropdown" name="verifyDropdownTest" time="13.768"/>
</testsuite> <!-- com.cps.sprint.VerifyAuthorityDropdown -->
