<?xml version="1.0" encoding="UTF-8"?>
<!-- Generated by org.testng.reporters.JUnitReportReporter -->
<testsuite hostname="ACER-PC" failures="0" tests="1" name="com.cps.test.CustomerLoginPageTest" time="9.266" errors="0" timestamp="10 Apr 2018 17:53:43 GMT" skipped="0">
  <testcase classname="com.cps.test.CustomerLoginPageTest" name="verifyLoginBtn" time="9.266"/>
</testsuite> <!-- com.cps.test.CustomerLoginPageTest -->
