<?xml version="1.0" encoding="UTF-8"?>
<!-- Generated by org.testng.reporters.JUnitReportReporter -->
<testsuite hostname="ACER-PC" failures="0" tests="1" name="com.cps.test.LoginPageTest" time="21.165" errors="0" timestamp="10 Apr 2018 18:12:05 GMT" skipped="0">
  <testcase classname="com.cps.test.LoginPageTest" name="verifyIMFSTransferLink" time="21.165"/>
</testsuite> <!-- com.cps.test.LoginPageTest -->
